;  LST file generated by mikroListExporter - v.2.0 
; Date/Time: 1/31/2018 3:10:47 PM
;----------------------------------------------

;Address Opcode 	ASM
0x0000	0x2AE1      	GOTO       737
_interrupt:
0x0004	0x00FF      	MOVWF      R15
0x0005	0x0E03      	SWAPF      STATUS, 0
0x0006	0x0183      	CLRF       STATUS
0x0007	0x1683      	BSF        STATUS, 5
0x0008	0x00A3      	MOVWF      ___saveSTATUS
0x0009	0x080A      	MOVF       PCLATH, 0
0x000A	0x00A4      	MOVWF      ___savePCLATH
0x000B	0x018A      	CLRF       PCLATH
;Digital Count DownTimer.c,83 :: 		void interrupt(void){
;Digital Count DownTimer.c,84 :: 		if (INTCON.INTF == 1)   // Check if INTF flag is set
0x000C	0x1C8B      	BTFSS      INTCON, 1
0x000D	0x2812      	GOTO       L_interrupt12
;Digital Count DownTimer.c,86 :: 		Clear = 1;
0x000E	0x3001      	MOVLW      1
0x000F	0x1283      	BCF        STATUS, 5
0x0010	0x00EE      	MOVWF      _clear
;Digital Count DownTimer.c,87 :: 		INTCON.INTF = 0;       // Clear interrupt flag before exiting ISR
0x0011	0x108B      	BCF        INTCON, 1
;Digital Count DownTimer.c,88 :: 		}
L_interrupt12:
;Digital Count DownTimer.c,89 :: 		}
L_end_interrupt:
L__interrupt28:
0x0012	0x1683      	BSF        STATUS, 5
0x0013	0x0824      	MOVF       ___savePCLATH, 0
0x0014	0x008A      	MOVWF      PCLATH
0x0015	0x0E23      	SWAPF      ___saveSTATUS, 0
0x0016	0x0083      	MOVWF      STATUS
0x0017	0x0EFF      	SWAPF      R15, 1
0x0018	0x0E7F      	SWAPF      R15, 0
0x0019	0x0009      	RETFIE
; end of _interrupt
_Delay_1us:
;__Lib_Delays.c,7 :: 		void Delay_1us() {
;__Lib_Delays.c,8 :: 		Delay_us(1);
0x001A	0x0000      	NOP
;__Lib_Delays.c,9 :: 		}
L_end_Delay_1us:
0x001B	0x0008      	RETURN
; end of _Delay_1us
_Delay_5500us:
;__Lib_Delays.c,31 :: 		void Delay_5500us() {
;__Lib_Delays.c,32 :: 		Delay_us(5500);
0x001C	0x3008      	MOVLW      8
0x001D	0x1283      	BCF        STATUS, 5
0x001E	0x1303      	BCF        STATUS, 6
0x001F	0x00FC      	MOVWF      R12
0x0020	0x3023      	MOVLW      35
0x0021	0x00FD      	MOVWF      R13
L_Delay_5500us5:
0x0022	0x0BFD      	DECFSZ     R13, 1
0x0023	0x2822      	GOTO       L_Delay_5500us5
0x0024	0x0BFC      	DECFSZ     R12, 1
0x0025	0x2822      	GOTO       L_Delay_5500us5
;__Lib_Delays.c,33 :: 		}
L_end_Delay_5500us:
0x0026	0x0008      	RETURN
; end of _Delay_5500us
_Delay_50us:
;__Lib_Delays.c,19 :: 		void Delay_50us() {
;__Lib_Delays.c,20 :: 		Delay_us(50);
0x0027	0x3010      	MOVLW      16
0x0028	0x1283      	BCF        STATUS, 5
0x0029	0x1303      	BCF        STATUS, 6
0x002A	0x00FD      	MOVWF      R13
L_Delay_50us2:
0x002B	0x0BFD      	DECFSZ     R13, 1
0x002C	0x282B      	GOTO       L_Delay_50us2
0x002D	0x0000      	NOP
;__Lib_Delays.c,21 :: 		}
L_end_Delay_50us:
0x002E	0x0008      	RETURN
; end of _Delay_50us
_Lcd_Cmd:
;__Lib_Lcd.c,18 :: 		
;__Lib_Lcd.c,20 :: 		
0x002F	0x1683      	BSF        STATUS, 5
0x0030	0x1303      	BCF        STATUS, 6
0x0031	0x1BAE      	BTFSC      FARG_Lcd_Cmd_out_char, 7
0x0032	0x2836      	GOTO       L__Lcd_Cmd21
0x0033	0x1283      	BCF        STATUS, 5
0x0034	0x1386      	BCF        LCD_D7, BitPos(LCD_D7+0)
0x0035	0x2838      	GOTO       L__Lcd_Cmd22
L__Lcd_Cmd21:
0x0036	0x1283      	BCF        STATUS, 5
0x0037	0x1786      	BSF        LCD_D7, BitPos(LCD_D7+0)
L__Lcd_Cmd22:
;__Lib_Lcd.c,21 :: 		
0x0038	0x1683      	BSF        STATUS, 5
0x0039	0x1B2E      	BTFSC      FARG_Lcd_Cmd_out_char, 6
0x003A	0x283E      	GOTO       L__Lcd_Cmd23
0x003B	0x1283      	BCF        STATUS, 5
0x003C	0x1306      	BCF        LCD_D6, BitPos(LCD_D6+0)
0x003D	0x2840      	GOTO       L__Lcd_Cmd24
L__Lcd_Cmd23:
0x003E	0x1283      	BCF        STATUS, 5
0x003F	0x1706      	BSF        LCD_D6, BitPos(LCD_D6+0)
L__Lcd_Cmd24:
;__Lib_Lcd.c,22 :: 		
0x0040	0x1683      	BSF        STATUS, 5
0x0041	0x1AAE      	BTFSC      FARG_Lcd_Cmd_out_char, 5
0x0042	0x2846      	GOTO       L__Lcd_Cmd25
0x0043	0x1283      	BCF        STATUS, 5
0x0044	0x1286      	BCF        LCD_D5, BitPos(LCD_D5+0)
0x0045	0x2848      	GOTO       L__Lcd_Cmd26
L__Lcd_Cmd25:
0x0046	0x1283      	BCF        STATUS, 5
0x0047	0x1686      	BSF        LCD_D5, BitPos(LCD_D5+0)
L__Lcd_Cmd26:
;__Lib_Lcd.c,23 :: 		
0x0048	0x1683      	BSF        STATUS, 5
0x0049	0x1A2E      	BTFSC      FARG_Lcd_Cmd_out_char, 4
0x004A	0x284E      	GOTO       L__Lcd_Cmd27
0x004B	0x1283      	BCF        STATUS, 5
0x004C	0x1206      	BCF        LCD_D4, BitPos(LCD_D4+0)
0x004D	0x2850      	GOTO       L__Lcd_Cmd28
L__Lcd_Cmd27:
0x004E	0x1283      	BCF        STATUS, 5
0x004F	0x1606      	BSF        LCD_D4, BitPos(LCD_D4+0)
L__Lcd_Cmd28:
;__Lib_Lcd.c,25 :: 		
0x0050	0x1683      	BSF        STATUS, 5
0x0051	0x1820      	BTFSC      __Lib_Lcd_cmd_status, BitPos(__Lib_Lcd_cmd_status+0)
0x0052	0x2856      	GOTO       L__Lcd_Cmd29
0x0053	0x1283      	BCF        STATUS, 5
0x0054	0x1405      	BSF        LCD_RS, BitPos(LCD_RS+0)
0x0055	0x2858      	GOTO       L__Lcd_Cmd30
L__Lcd_Cmd29:
0x0056	0x1283      	BCF        STATUS, 5
0x0057	0x1005      	BCF        LCD_RS, BitPos(LCD_RS+0)
L__Lcd_Cmd30:
;__Lib_Lcd.c,28 :: 		
0x0058	0x1485      	BSF        LCD_EN, BitPos(LCD_EN+0)
;__Lib_Lcd.c,29 :: 		
0x0059	0x201A      	CALL       _Delay_1us
;__Lib_Lcd.c,30 :: 		
0x005A	0x1085      	BCF        LCD_EN, BitPos(LCD_EN+0)
;__Lib_Lcd.c,33 :: 		
0x005B	0x1683      	BSF        STATUS, 5
0x005C	0x19AE      	BTFSC      FARG_Lcd_Cmd_out_char, 3
0x005D	0x2861      	GOTO       L__Lcd_Cmd31
0x005E	0x1283      	BCF        STATUS, 5
0x005F	0x1386      	BCF        LCD_D7, BitPos(LCD_D7+0)
0x0060	0x2863      	GOTO       L__Lcd_Cmd32
L__Lcd_Cmd31:
0x0061	0x1283      	BCF        STATUS, 5
0x0062	0x1786      	BSF        LCD_D7, BitPos(LCD_D7+0)
L__Lcd_Cmd32:
;__Lib_Lcd.c,34 :: 		
0x0063	0x1683      	BSF        STATUS, 5
0x0064	0x192E      	BTFSC      FARG_Lcd_Cmd_out_char, 2
0x0065	0x2869      	GOTO       L__Lcd_Cmd33
0x0066	0x1283      	BCF        STATUS, 5
0x0067	0x1306      	BCF        LCD_D6, BitPos(LCD_D6+0)
0x0068	0x286B      	GOTO       L__Lcd_Cmd34
L__Lcd_Cmd33:
0x0069	0x1283      	BCF        STATUS, 5
0x006A	0x1706      	BSF        LCD_D6, BitPos(LCD_D6+0)
L__Lcd_Cmd34:
;__Lib_Lcd.c,35 :: 		
0x006B	0x1683      	BSF        STATUS, 5
0x006C	0x18AE      	BTFSC      FARG_Lcd_Cmd_out_char, 1
0x006D	0x2871      	GOTO       L__Lcd_Cmd35
0x006E	0x1283      	BCF        STATUS, 5
0x006F	0x1286      	BCF        LCD_D5, BitPos(LCD_D5+0)
0x0070	0x2873      	GOTO       L__Lcd_Cmd36
L__Lcd_Cmd35:
0x0071	0x1283      	BCF        STATUS, 5
0x0072	0x1686      	BSF        LCD_D5, BitPos(LCD_D5+0)
L__Lcd_Cmd36:
;__Lib_Lcd.c,36 :: 		
0x0073	0x1683      	BSF        STATUS, 5
0x0074	0x182E      	BTFSC      FARG_Lcd_Cmd_out_char, 0
0x0075	0x2879      	GOTO       L__Lcd_Cmd37
0x0076	0x1283      	BCF        STATUS, 5
0x0077	0x1206      	BCF        LCD_D4, BitPos(LCD_D4+0)
0x0078	0x287B      	GOTO       L__Lcd_Cmd38
L__Lcd_Cmd37:
0x0079	0x1283      	BCF        STATUS, 5
0x007A	0x1606      	BSF        LCD_D4, BitPos(LCD_D4+0)
L__Lcd_Cmd38:
;__Lib_Lcd.c,38 :: 		
0x007B	0x1683      	BSF        STATUS, 5
0x007C	0x1820      	BTFSC      __Lib_Lcd_cmd_status, BitPos(__Lib_Lcd_cmd_status+0)
0x007D	0x2881      	GOTO       L__Lcd_Cmd39
0x007E	0x1283      	BCF        STATUS, 5
0x007F	0x1405      	BSF        LCD_RS, BitPos(LCD_RS+0)
0x0080	0x2883      	GOTO       L__Lcd_Cmd40
L__Lcd_Cmd39:
0x0081	0x1283      	BCF        STATUS, 5
0x0082	0x1005      	BCF        LCD_RS, BitPos(LCD_RS+0)
L__Lcd_Cmd40:
;__Lib_Lcd.c,40 :: 		
0x0083	0x1485      	BSF        LCD_EN, BitPos(LCD_EN+0)
;__Lib_Lcd.c,41 :: 		
0x0084	0x201A      	CALL       _Delay_1us
;__Lib_Lcd.c,42 :: 		
0x0085	0x1085      	BCF        LCD_EN, BitPos(LCD_EN+0)
;__Lib_Lcd.c,44 :: 		
0x0086	0x1683      	BSF        STATUS, 5
0x0087	0x1C20      	BTFSS      __Lib_Lcd_cmd_status, BitPos(__Lib_Lcd_cmd_status+0)
0x0088	0x288B      	GOTO       L_Lcd_Cmd0
;__Lib_Lcd.c,45 :: 		
0x0089	0x201C      	CALL       _Delay_5500us
0x008A	0x288C      	GOTO       L_Lcd_Cmd1
L_Lcd_Cmd0:
;__Lib_Lcd.c,47 :: 		
0x008B	0x2027      	CALL       _Delay_50us
L_Lcd_Cmd1:
;__Lib_Lcd.c,48 :: 		
L_end_Lcd_Cmd:
0x008C	0x0008      	RETURN
; end of _Lcd_Cmd
_Lcd_Chr_CP:
;__Lib_Lcd.c,50 :: 		
;__Lib_Lcd.c,52 :: 		
0x008D	0x1683      	BSF        STATUS, 5
0x008E	0x1303      	BCF        STATUS, 6
0x008F	0x1020      	BCF        __Lib_Lcd_cmd_status, BitPos(__Lib_Lcd_cmd_status+0)
;__Lib_Lcd.c,53 :: 		
0x0090	0x082D      	MOVF       FARG_Lcd_Chr_CP_out_char, 0
0x0091	0x00AE      	MOVWF      FARG_Lcd_Cmd_out_char
0x0092	0x202F      	CALL       _Lcd_Cmd
;__Lib_Lcd.c,54 :: 		
0x0093	0x1683      	BSF        STATUS, 5
0x0094	0x1420      	BSF        __Lib_Lcd_cmd_status, BitPos(__Lib_Lcd_cmd_status+0)
;__Lib_Lcd.c,55 :: 		
L_end_Lcd_Chr_CP:
0x0095	0x0008      	RETURN
; end of _Lcd_Chr_CP
_Div_16x16_S_L:
;__Lib_Math.c,420 :: 		
;__Lib_Math.c,426 :: 		
0x0096	0x0D71      	RLF        R1, 0
;__Lib_Math.c,427 :: 		
0x0097	0x0DF8      	RLF        R8, 1
;__Lib_Math.c,428 :: 		
0x0098	0x0DF9      	RLF        R9, 1
;__Lib_Math.c,429 :: 		
0x0099	0x0874      	MOVF       R4, 0
;__Lib_Math.c,430 :: 		
0x009A	0x02F8      	SUBWF      R8, 1
;__Lib_Math.c,431 :: 		
0x009B	0x0875      	MOVF       R5, 0
;__Lib_Math.c,432 :: 		
0x009C	0x1C03      	BTFSS      STATUS, 0
;__Lib_Math.c,433 :: 		
0x009D	0x0F75      	INCFSZ     R5, 0
;__Lib_Math.c,434 :: 		
0x009E	0x02F9      	SUBWF      R9, 1
;__Lib_Math.c,435 :: 		
0x009F	0x0DF0      	RLF        R0, 1
;__Lib_Math.c,436 :: 		
0x00A0	0x0DF1      	RLF        R1, 1
;__Lib_Math.c,438 :: 		
0x00A1	0x300F      	MOVLW      15
;__Lib_Math.c,439 :: 		
0x00A2	0x00FC      	MOVWF      R12
;__Lib_Math.c,441 :: 		
0x00A3	0x0D71      	RLF        R1, 0
;__Lib_Math.c,442 :: 		
0x00A4	0x0DF8      	RLF        R8, 1
;__Lib_Math.c,443 :: 		
0x00A5	0x0DF9      	RLF        R9, 1
;__Lib_Math.c,444 :: 		
0x00A6	0x0874      	MOVF       R4, 0
;__Lib_Math.c,446 :: 		
0x00A7	0x1C70      	BTFSS      R0, 0
;__Lib_Math.c,447 :: 		
0x00A8	0x28AF      	GOTO       $+7
;__Lib_Math.c,448 :: 		
0x00A9	0x02F8      	SUBWF      R8, 1
;__Lib_Math.c,449 :: 		
0x00AA	0x0875      	MOVF       R5, 0
;__Lib_Math.c,450 :: 		
0x00AB	0x1C03      	BTFSS      STATUS, 0
;__Lib_Math.c,451 :: 		
0x00AC	0x0F75      	INCFSZ     R5, 0
;__Lib_Math.c,452 :: 		
0x00AD	0x02F9      	SUBWF      R9, 1
;__Lib_Math.c,453 :: 		
0x00AE	0x28B4      	GOTO       $+6
;__Lib_Math.c,455 :: 		
0x00AF	0x07F8      	ADDWF      R8, 1
;__Lib_Math.c,456 :: 		
0x00B0	0x0875      	MOVF       R5, 0
;__Lib_Math.c,457 :: 		
0x00B1	0x1803      	BTFSC      STATUS, 0
;__Lib_Math.c,458 :: 		
0x00B2	0x0F75      	INCFSZ     R5, 0
;__Lib_Math.c,459 :: 		
0x00B3	0x07F9      	ADDWF      R9, 1
;__Lib_Math.c,461 :: 		
0x00B4	0x0DF0      	RLF        R0, 1
;__Lib_Math.c,462 :: 		
0x00B5	0x0DF1      	RLF        R1, 1
;__Lib_Math.c,464 :: 		
0x00B6	0x0BFC      	DECFSZ     R12, 1
;__Lib_Math.c,465 :: 		
0x00B7	0x28A3      	GOTO       $-20
;__Lib_Math.c,467 :: 		
0x00B8	0x1870      	BTFSC      R0, 0
;__Lib_Math.c,468 :: 		
0x00B9	0x28C0      	GOTO       $+7
;__Lib_Math.c,469 :: 		
0x00BA	0x0874      	MOVF       R4, 0
;__Lib_Math.c,470 :: 		
0x00BB	0x07F8      	ADDWF      R8, 1
;__Lib_Math.c,471 :: 		
0x00BC	0x0875      	MOVF       R5, 0
;__Lib_Math.c,472 :: 		
0x00BD	0x1803      	BTFSC      STATUS, 0
;__Lib_Math.c,473 :: 		
0x00BE	0x0F75      	INCFSZ     R5, 0
;__Lib_Math.c,474 :: 		
0x00BF	0x07F9      	ADDWF      R9, 1
;__Lib_Math.c,475 :: 		
0x00C0	0x0000      	NOP
;__Lib_Math.c,477 :: 		
L_end_Div_16x16_S_L:
0x00C1	0x0008      	RETURN
; end of _Div_16x16_S_L
_Lcd_Out:
;__Lib_Lcd.c,184 :: 		
;__Lib_Lcd.c,187 :: 		
0x00C2	0x28D4      	GOTO       L_Lcd_Out11
;__Lib_Lcd.c,188 :: 		
L_Lcd_Out13:
0x00C3	0x3080      	MOVLW      128
0x00C4	0x1683      	BSF        STATUS, 5
0x00C5	0x1303      	BCF        STATUS, 6
0x00C6	0x00A9      	MOVWF      FARG_Lcd_Out_row
0x00C7	0x28E7      	GOTO       L_Lcd_Out12
;__Lib_Lcd.c,189 :: 		
L_Lcd_Out14:
0x00C8	0x30C0      	MOVLW      192
0x00C9	0x00A9      	MOVWF      FARG_Lcd_Out_row
0x00CA	0x28E7      	GOTO       L_Lcd_Out12
;__Lib_Lcd.c,190 :: 		
L_Lcd_Out15:
0x00CB	0x3094      	MOVLW      148
0x00CC	0x00A9      	MOVWF      FARG_Lcd_Out_row
0x00CD	0x28E7      	GOTO       L_Lcd_Out12
;__Lib_Lcd.c,191 :: 		
L_Lcd_Out16:
0x00CE	0x30D4      	MOVLW      212
0x00CF	0x00A9      	MOVWF      FARG_Lcd_Out_row
0x00D0	0x28E7      	GOTO       L_Lcd_Out12
;__Lib_Lcd.c,192 :: 		
L_Lcd_Out17:
0x00D1	0x3080      	MOVLW      128
0x00D2	0x00A9      	MOVWF      FARG_Lcd_Out_row
;__Lib_Lcd.c,193 :: 		
0x00D3	0x28E7      	GOTO       L_Lcd_Out12
L_Lcd_Out11:
0x00D4	0x1683      	BSF        STATUS, 5
0x00D5	0x1303      	BCF        STATUS, 6
0x00D6	0x0829      	MOVF       FARG_Lcd_Out_row, 0
0x00D7	0x3A01      	XORLW      1
0x00D8	0x1903      	BTFSC      STATUS, 2
0x00D9	0x28C3      	GOTO       L_Lcd_Out13
0x00DA	0x0829      	MOVF       FARG_Lcd_Out_row, 0
0x00DB	0x3A02      	XORLW      2
0x00DC	0x1903      	BTFSC      STATUS, 2
0x00DD	0x28C8      	GOTO       L_Lcd_Out14
0x00DE	0x0829      	MOVF       FARG_Lcd_Out_row, 0
0x00DF	0x3A03      	XORLW      3
0x00E0	0x1903      	BTFSC      STATUS, 2
0x00E1	0x28CB      	GOTO       L_Lcd_Out15
0x00E2	0x0829      	MOVF       FARG_Lcd_Out_row, 0
0x00E3	0x3A04      	XORLW      4
0x00E4	0x1903      	BTFSC      STATUS, 2
0x00E5	0x28CE      	GOTO       L_Lcd_Out16
0x00E6	0x28D1      	GOTO       L_Lcd_Out17
L_Lcd_Out12:
;__Lib_Lcd.c,194 :: 		
0x00E7	0x032A      	DECF       FARG_Lcd_Out_column, 0
0x00E8	0x00F0      	MOVWF      R0
0x00E9	0x0829      	MOVF       FARG_Lcd_Out_row, 0
0x00EA	0x07F0      	ADDWF      R0, 1
0x00EB	0x0870      	MOVF       R0, 0
0x00EC	0x00A9      	MOVWF      FARG_Lcd_Out_row
;__Lib_Lcd.c,196 :: 		
0x00ED	0x0870      	MOVF       R0, 0
0x00EE	0x00AE      	MOVWF      FARG_Lcd_Cmd_out_char
0x00EF	0x202F      	CALL       _Lcd_Cmd
;__Lib_Lcd.c,197 :: 		
0x00F0	0x1683      	BSF        STATUS, 5
0x00F1	0x1020      	BCF        __Lib_Lcd_cmd_status, BitPos(__Lib_Lcd_cmd_status+0)
;__Lib_Lcd.c,198 :: 		
0x00F2	0x01AC      	CLRF       Lcd_Out_i_L0
;__Lib_Lcd.c,199 :: 		
L_Lcd_Out18:
0x00F3	0x082C      	MOVF       Lcd_Out_i_L0, 0
0x00F4	0x072B      	ADDWF      FARG_Lcd_Out_text, 0
0x00F5	0x0084      	MOVWF      FSR
0x00F6	0x0800      	MOVF       INDF, 0
0x00F7	0x1903      	BTFSC      STATUS, 2
0x00F8	0x2901      	GOTO       L_Lcd_Out19
;__Lib_Lcd.c,200 :: 		
0x00F9	0x082C      	MOVF       Lcd_Out_i_L0, 0
0x00FA	0x072B      	ADDWF      FARG_Lcd_Out_text, 0
0x00FB	0x0084      	MOVWF      FSR
0x00FC	0x0800      	MOVF       INDF, 0
0x00FD	0x00AD      	MOVWF      FARG_Lcd_Chr_CP_out_char
0x00FE	0x208D      	CALL       _Lcd_Chr_CP
0x00FF	0x0AAC      	INCF       Lcd_Out_i_L0, 1
0x0100	0x28F3      	GOTO       L_Lcd_Out18
L_Lcd_Out19:
;__Lib_Lcd.c,201 :: 		
0x0101	0x1420      	BSF        __Lib_Lcd_cmd_status, BitPos(__Lib_Lcd_cmd_status+0)
;__Lib_Lcd.c,202 :: 		
L_end_Lcd_Out:
0x0102	0x0008      	RETURN
; end of _Lcd_Out
_____DoICP:
;__Lib_System.c,6 :: 		
;__Lib_System.c,9 :: 		
0x0103	0x1283      	BCF        STATUS, 5
0x0104	0x1303      	BCF        STATUS, 6
0x0105	0x086D      	MOVF       ___DoICPAddr+1, 0
0x0106	0x008A      	MOVWF      PCLATH
;__Lib_System.c,10 :: 		
0x0107	0x086C      	MOVF       ___DoICPAddr, 0
0x0108	0x0082      	MOVWF      PCL
;__Lib_System.c,12 :: 		
L_end_____DoICP:
0x0109	0x0008      	RETURN
; end of _____DoICP
_Div_16x16_S:
;__Lib_Math.c,479 :: 		
;__Lib_Math.c,487 :: 		
0x010A	0x1283      	BCF        STATUS, 5
0x010B	0x1303      	BCF        STATUS, 6
0x010C	0x0874      	MOVF       R4, 0
0x010D	0x3A00      	XORLW      0
0x010E	0x1D03      	BTFSS      STATUS, 2
0x010F	0x2919      	GOTO       L_Div_16x16_S0
;__Lib_Math.c,488 :: 		
0x0110	0x0875      	MOVF       R5, 0
0x0111	0x3A00      	XORLW      0
0x0112	0x1D03      	BTFSS      STATUS, 2
0x0113	0x2919      	GOTO       L_Div_16x16_S1
;__Lib_Math.c,489 :: 		
0x0114	0x30FF      	MOVLW      255
0x0115	0x00F0      	MOVWF      R0
;__Lib_Math.c,490 :: 		
0x0116	0x307F      	MOVLW      127
0x0117	0x00F1      	MOVWF      R1
;__Lib_Math.c,491 :: 		
0x0118	0x2972      	GOTO       L_end_Div_16x16_S
;__Lib_Math.c,492 :: 		
L_Div_16x16_S1:
L_Div_16x16_S0:
;__Lib_Math.c,495 :: 		
0x0119	0x1283      	BCF        STATUS, 5
;__Lib_Math.c,496 :: 		
0x011A	0x1303      	BCF        STATUS, 6
;__Lib_Math.c,497 :: 		
0x011B	0x01FD      	CLRF       R13
;__Lib_Math.c,498 :: 		
0x011C	0x01F9      	CLRF       R9
;__Lib_Math.c,499 :: 		
0x011D	0x01F8      	CLRF       R8
;__Lib_Math.c,500 :: 		
0x011E	0x0871      	MOVF       R1, 0
;__Lib_Math.c,501 :: 		
0x011F	0x0470      	IORWF      R0, 0
;__Lib_Math.c,502 :: 		
0x0120	0x1903      	BTFSC      STATUS, 2
;__Lib_Math.c,503 :: 		
0x0121	0x3400      	RETLW      0
;__Lib_Math.c,505 :: 		
0x0122	0x0871      	MOVF       R1, 0
;__Lib_Math.c,506 :: 		
0x0123	0x0675      	XORWF      R5, 0
;__Lib_Math.c,507 :: 		
0x0124	0x00FA      	MOVWF      R10
;__Lib_Math.c,508 :: 		
0x0125	0x1BFA      	BTFSC      R10, 7
;__Lib_Math.c,509 :: 		
0x0126	0x09FD      	COMF       R13, 1
;__Lib_Math.c,511 :: 		
0x0127	0x01FB      	CLRF       R11
;__Lib_Math.c,513 :: 		
0x0128	0x1FF5      	BTFSS      R5, 7
;__Lib_Math.c,514 :: 		
0x0129	0x292F      	GOTO       $+6
;__Lib_Math.c,516 :: 		
0x012A	0x09F4      	COMF       R4, 1
;__Lib_Math.c,517 :: 		
0x012B	0x09F5      	COMF       R5, 1
;__Lib_Math.c,518 :: 		
0x012C	0x0AF4      	INCF       R4, 1
;__Lib_Math.c,519 :: 		
0x012D	0x1903      	BTFSC      STATUS, 2
;__Lib_Math.c,520 :: 		
0x012E	0x0AF5      	INCF       R5, 1
;__Lib_Math.c,522 :: 		
0x012F	0x1FF1      	BTFSS      R1, 7
;__Lib_Math.c,523 :: 		
0x0130	0x2936      	GOTO       $+6
;__Lib_Math.c,525 :: 		
0x0131	0x09F0      	COMF       R0, 1
;__Lib_Math.c,526 :: 		
0x0132	0x09F1      	COMF       R1, 1
;__Lib_Math.c,527 :: 		
0x0133	0x0AF0      	INCF       R0, 1
;__Lib_Math.c,528 :: 		
0x0134	0x1903      	BTFSC      STATUS, 2
;__Lib_Math.c,529 :: 		
0x0135	0x0AF1      	INCF       R1, 1
;__Lib_Math.c,531 :: 		
0x0136	0x0871      	MOVF       R1, 0
;__Lib_Math.c,532 :: 		
0x0137	0x0475      	IORWF      R5, 0
;__Lib_Math.c,533 :: 		
0x0138	0x00FA      	MOVWF      R10
;__Lib_Math.c,534 :: 		
0x0139	0x1BFA      	BTFSC      R10, 7
;__Lib_Math.c,535 :: 		
0x013A	0x294B      	GOTO       $+17
;__Lib_Math.c,537 :: 		
0x013B	0x2096      	CALL       _Div_16x16_S_L
;__Lib_Math.c,539 :: 		
0x013C	0x187B      	BTFSC      R11, 0
;__Lib_Math.c,540 :: 		
0x013D	0x295E      	GOTO       $+33
;__Lib_Math.c,542 :: 		
0x013E	0x1FFD      	BTFSS      R13, 7
;__Lib_Math.c,543 :: 		
0x013F	0x3400      	RETLW      0
;__Lib_Math.c,545 :: 		
0x0140	0x09F0      	COMF       R0, 1
;__Lib_Math.c,546 :: 		
0x0141	0x09F1      	COMF       R1, 1
;__Lib_Math.c,547 :: 		
0x0142	0x0AF0      	INCF       R0, 1
;__Lib_Math.c,548 :: 		
0x0143	0x1903      	BTFSC      STATUS, 2
;__Lib_Math.c,549 :: 		
0x0144	0x0AF1      	INCF       R1, 1
;__Lib_Math.c,551 :: 		
0x0145	0x09F8      	COMF       R8, 1
;__Lib_Math.c,552 :: 		
0x0146	0x09F9      	COMF       R9, 1
;__Lib_Math.c,553 :: 		
0x0147	0x0AF8      	INCF       R8, 1
;__Lib_Math.c,554 :: 		
0x0148	0x1903      	BTFSC      STATUS, 2
;__Lib_Math.c,555 :: 		
0x0149	0x0AF9      	INCF       R9, 1
;__Lib_Math.c,557 :: 		
0x014A	0x3400      	RETLW      0
;__Lib_Math.c,559 :: 		
0x014B	0x1FF5      	BTFSS      R5, 7
;__Lib_Math.c,560 :: 		
0x014C	0x295A      	GOTO       $+14
;__Lib_Math.c,561 :: 		
0x014D	0x1BF1      	BTFSC      R1, 7
;__Lib_Math.c,562 :: 		
0x014E	0x2956      	GOTO       $+8
;__Lib_Math.c,563 :: 		
0x014F	0x0871      	MOVF       R1, 0
;__Lib_Math.c,564 :: 		
0x0150	0x00F9      	MOVWF      R9
;__Lib_Math.c,565 :: 		
0x0151	0x0870      	MOVF       R0, 0
;__Lib_Math.c,566 :: 		
0x0152	0x00F8      	MOVWF      R8
;__Lib_Math.c,567 :: 		
0x0153	0x01F1      	CLRF       R1
;__Lib_Math.c,568 :: 		
0x0154	0x01F0      	CLRF       R0
;__Lib_Math.c,569 :: 		
0x0155	0x293E      	GOTO       $-23
;__Lib_Math.c,570 :: 		
0x0156	0x01F1      	CLRF       R1
;__Lib_Math.c,571 :: 		
0x0157	0x01F0      	CLRF       R0
;__Lib_Math.c,572 :: 		
0x0158	0x0AF0      	INCF       R0, 1
;__Lib_Math.c,573 :: 		
0x0159	0x3400      	RETLW      0
;__Lib_Math.c,575 :: 		
0x015A	0x09F1      	COMF       R1, 1
;__Lib_Math.c,576 :: 		
0x015B	0x09F0      	COMF       R0, 1
;__Lib_Math.c,577 :: 		
0x015C	0x0AFB      	INCF       R11, 1
;__Lib_Math.c,578 :: 		
0x015D	0x293B      	GOTO       $-34
;__Lib_Math.c,580 :: 		
0x015E	0x0AF8      	INCF       R8, 1
;__Lib_Math.c,581 :: 		
0x015F	0x1903      	BTFSC      STATUS, 2
;__Lib_Math.c,582 :: 		
0x0160	0x0AF9      	INCF       R9, 1
;__Lib_Math.c,583 :: 		
0x0161	0x0874      	MOVF       R4, 0
;__Lib_Math.c,584 :: 		
0x0162	0x0278      	SUBWF      R8, 0
;__Lib_Math.c,585 :: 		
0x0163	0x1D03      	BTFSS      STATUS, 2
;__Lib_Math.c,586 :: 		
0x0164	0x293E      	GOTO       $-38
;__Lib_Math.c,587 :: 		
0x0165	0x0875      	MOVF       R5, 0
;__Lib_Math.c,588 :: 		
0x0166	0x0279      	SUBWF      R9, 0
;__Lib_Math.c,589 :: 		
0x0167	0x1D03      	BTFSS      STATUS, 2
;__Lib_Math.c,590 :: 		
0x0168	0x293E      	GOTO       $-42
;__Lib_Math.c,591 :: 		
0x0169	0x01F9      	CLRF       R9
;__Lib_Math.c,592 :: 		
0x016A	0x01F8      	CLRF       R8
;__Lib_Math.c,593 :: 		
0x016B	0x0AF0      	INCF       R0, 1
;__Lib_Math.c,594 :: 		
0x016C	0x1903      	BTFSC      STATUS, 2
;__Lib_Math.c,595 :: 		
0x016D	0x0AF1      	INCF       R1, 1
;__Lib_Math.c,596 :: 		
0x016E	0x1FF1      	BTFSS      R1, 7
;__Lib_Math.c,597 :: 		
0x016F	0x293E      	GOTO       $-49
;__Lib_Math.c,598 :: 		
0x0170	0x0000      	NOP
;__Lib_Math.c,599 :: 		
0x0171	0x34FF      	RETLW      255
;__Lib_Math.c,601 :: 		
L_end_Div_16x16_S:
0x0172	0x0008      	RETURN
; end of _Div_16x16_S
_Lcd_Chr:
;__Lib_Lcd.c,65 :: 		
;__Lib_Lcd.c,66 :: 		
0x0173	0x2985      	GOTO       L_Lcd_Chr4
;__Lib_Lcd.c,67 :: 		
L_Lcd_Chr6:
0x0174	0x3080      	MOVLW      128
0x0175	0x1683      	BSF        STATUS, 5
0x0176	0x1303      	BCF        STATUS, 6
0x0177	0x00A9      	MOVWF      FARG_Lcd_Chr_row
0x0178	0x2998      	GOTO       L_Lcd_Chr5
;__Lib_Lcd.c,68 :: 		
L_Lcd_Chr7:
0x0179	0x30C0      	MOVLW      192
0x017A	0x00A9      	MOVWF      FARG_Lcd_Chr_row
0x017B	0x2998      	GOTO       L_Lcd_Chr5
;__Lib_Lcd.c,69 :: 		
L_Lcd_Chr8:
0x017C	0x3094      	MOVLW      148
0x017D	0x00A9      	MOVWF      FARG_Lcd_Chr_row
0x017E	0x2998      	GOTO       L_Lcd_Chr5
;__Lib_Lcd.c,70 :: 		
L_Lcd_Chr9:
0x017F	0x30D4      	MOVLW      212
0x0180	0x00A9      	MOVWF      FARG_Lcd_Chr_row
0x0181	0x2998      	GOTO       L_Lcd_Chr5
;__Lib_Lcd.c,71 :: 		
L_Lcd_Chr10:
0x0182	0x3080      	MOVLW      128
0x0183	0x00A9      	MOVWF      FARG_Lcd_Chr_row
;__Lib_Lcd.c,72 :: 		
0x0184	0x2998      	GOTO       L_Lcd_Chr5
L_Lcd_Chr4:
0x0185	0x1683      	BSF        STATUS, 5
0x0186	0x1303      	BCF        STATUS, 6
0x0187	0x0829      	MOVF       FARG_Lcd_Chr_row, 0
0x0188	0x3A01      	XORLW      1
0x0189	0x1903      	BTFSC      STATUS, 2
0x018A	0x2974      	GOTO       L_Lcd_Chr6
0x018B	0x0829      	MOVF       FARG_Lcd_Chr_row, 0
0x018C	0x3A02      	XORLW      2
0x018D	0x1903      	BTFSC      STATUS, 2
0x018E	0x2979      	GOTO       L_Lcd_Chr7
0x018F	0x0829      	MOVF       FARG_Lcd_Chr_row, 0
0x0190	0x3A03      	XORLW      3
0x0191	0x1903      	BTFSC      STATUS, 2
0x0192	0x297C      	GOTO       L_Lcd_Chr8
0x0193	0x0829      	MOVF       FARG_Lcd_Chr_row, 0
0x0194	0x3A04      	XORLW      4
0x0195	0x1903      	BTFSC      STATUS, 2
0x0196	0x297F      	GOTO       L_Lcd_Chr9
0x0197	0x2982      	GOTO       L_Lcd_Chr10
L_Lcd_Chr5:
;__Lib_Lcd.c,74 :: 		
0x0198	0x032A      	DECF       FARG_Lcd_Chr_column, 0
0x0199	0x00F0      	MOVWF      R0
0x019A	0x0829      	MOVF       FARG_Lcd_Chr_row, 0
0x019B	0x07F0      	ADDWF      R0, 1
0x019C	0x0870      	MOVF       R0, 0
0x019D	0x00A9      	MOVWF      FARG_Lcd_Chr_row
;__Lib_Lcd.c,76 :: 		
0x019E	0x1420      	BSF        __Lib_Lcd_cmd_status, BitPos(__Lib_Lcd_cmd_status+0)
;__Lib_Lcd.c,77 :: 		
0x019F	0x0870      	MOVF       R0, 0
0x01A0	0x00AE      	MOVWF      FARG_Lcd_Cmd_out_char
0x01A1	0x202F      	CALL       _Lcd_Cmd
;__Lib_Lcd.c,79 :: 		
0x01A2	0x1683      	BSF        STATUS, 5
0x01A3	0x1020      	BCF        __Lib_Lcd_cmd_status, BitPos(__Lib_Lcd_cmd_status+0)
;__Lib_Lcd.c,80 :: 		
0x01A4	0x082B      	MOVF       FARG_Lcd_Chr_out_char, 0
0x01A5	0x00AE      	MOVWF      FARG_Lcd_Cmd_out_char
0x01A6	0x202F      	CALL       _Lcd_Cmd
;__Lib_Lcd.c,81 :: 		
0x01A7	0x1683      	BSF        STATUS, 5
0x01A8	0x1420      	BSF        __Lib_Lcd_cmd_status, BitPos(__Lib_Lcd_cmd_status+0)
;__Lib_Lcd.c,82 :: 		
L_end_Lcd_Chr:
0x01A9	0x0008      	RETURN
; end of _Lcd_Chr
_Mul_8X8_U:
;__Lib_Math.c,103 :: 		
;__Lib_Math.c,108 :: 		
0x01AA	0x1283      	BCF        STATUS, 5
;__Lib_Math.c,109 :: 		
0x01AB	0x1303      	BCF        STATUS, 6
;__Lib_Math.c,110 :: 		
0x01AC	0x0870      	MOVF       R0, 0
;__Lib_Math.c,111 :: 		
0x01AD	0x00F1      	MOVWF      R1
;__Lib_Math.c,112 :: 		
0x01AE	0x01F0      	CLRF       R0
;__Lib_Math.c,113 :: 		
0x01AF	0x3008      	MOVLW      8
;__Lib_Math.c,114 :: 		
0x01B0	0x00FC      	MOVWF      R12
;__Lib_Math.c,115 :: 		
0x01B1	0x0871      	MOVF       R1, 0
;__Lib_Math.c,116 :: 		
0x01B2	0x0CF4      	RRF        R4, 1
;__Lib_Math.c,117 :: 		
0x01B3	0x1803      	BTFSC      STATUS, 0
;__Lib_Math.c,118 :: 		
0x01B4	0x29B9      	GOTO       $+5
;__Lib_Math.c,119 :: 		
0x01B5	0x0BFC      	DECFSZ     R12, 1
;__Lib_Math.c,120 :: 		
0x01B6	0x29B2      	GOTO       $-4
;__Lib_Math.c,121 :: 		
0x01B7	0x01F1      	CLRF       R1
;__Lib_Math.c,122 :: 		
0x01B8	0x3400      	RETLW      0
;__Lib_Math.c,123 :: 		
0x01B9	0x1003      	BCF        STATUS, 0
;__Lib_Math.c,124 :: 		
0x01BA	0x29BE      	GOTO       $+4
;__Lib_Math.c,125 :: 		
0x01BB	0x0CF4      	RRF        R4, 1
;__Lib_Math.c,126 :: 		
0x01BC	0x1803      	BTFSC      STATUS, 0
;__Lib_Math.c,127 :: 		
0x01BD	0x07F1      	ADDWF      R1, 1
;__Lib_Math.c,128 :: 		
0x01BE	0x0CF1      	RRF        R1, 1
;__Lib_Math.c,129 :: 		
0x01BF	0x0CF0      	RRF        R0, 1
;__Lib_Math.c,130 :: 		
0x01C0	0x0BFC      	DECFSZ     R12, 1
;__Lib_Math.c,131 :: 		
0x01C1	0x29BB      	GOTO       $-6
;__Lib_Math.c,133 :: 		
;__Lib_Math.c,134 :: 		
L_end_Mul_8X8_U:
0x01C2	0x0008      	RETURN
; end of _Mul_8X8_U
_start_timer:
;Digital Count DownTimer.c,48 :: 		void start_timer(unsigned short MinVal){
;Digital Count DownTimer.c,50 :: 		Relay = 0;
0x01C3	0x1283      	BCF        STATUS, 5
0x01C4	0x1303      	BCF        STATUS, 6
0x01C5	0x1185      	BCF        RA3_bit, BitPos(RA3_bit+0)
;Digital Count DownTimer.c,51 :: 		ON_OFF = 1;
0x01C6	0x3001      	MOVLW      1
0x01C7	0x00C7      	MOVWF      _ON_OFF
;Digital Count DownTimer.c,52 :: 		Lcd_Cmd(_LCD_CLEAR);
0x01C8	0x3001      	MOVLW      1
0x01C9	0x1683      	BSF        STATUS, 5
0x01CA	0x00AE      	MOVWF      FARG_Lcd_Cmd_out_char
0x01CB	0x202F      	CALL       _Lcd_Cmd
;Digital Count DownTimer.c,53 :: 		Lcd_Out(1,1,Message3);                    //Relay off
0x01CC	0x3001      	MOVLW      1
0x01CD	0x1683      	BSF        STATUS, 5
0x01CE	0x00A9      	MOVWF      FARG_Lcd_Out_row
0x01CF	0x3001      	MOVLW      1
0x01D0	0x00AA      	MOVWF      FARG_Lcd_Out_column
0x01D1	0x3034      	MOVLW      _Message3
0x01D2	0x00AB      	MOVWF      FARG_Lcd_Out_text
0x01D3	0x20C2      	CALL       _Lcd_Out
;Digital Count DownTimer.c,54 :: 		Lcd_Out(2,1,Message5);                    //time left
0x01D4	0x3002      	MOVLW      2
0x01D5	0x00A9      	MOVWF      FARG_Lcd_Out_row
0x01D6	0x3001      	MOVLW      1
0x01D7	0x00AA      	MOVWF      FARG_Lcd_Out_column
0x01D8	0x3023      	MOVLW      _Message5
0x01D9	0x00AB      	MOVWF      FARG_Lcd_Out_text
0x01DA	0x20C2      	CALL       _Lcd_Out
;Digital Count DownTimer.c,55 :: 		OPTION_REG = 0x80 ;
0x01DB	0x3080      	MOVLW      128
0x01DC	0x0081      	MOVWF      OPTION_REG
;Digital Count DownTimer.c,56 :: 		INTCON = 0x90;
0x01DD	0x3090      	MOVLW      144
0x01DE	0x008B      	MOVWF      INTCON
;Digital Count DownTimer.c,57 :: 		for (i=0; i<MinVal; i++){
0x01DF	0x1283      	BCF        STATUS, 5
0x01E0	0x01EF      	CLRF       _i
L_start_timer1:
0x01E1	0x1683      	BSF        STATUS, 5
0x01E2	0x0825      	MOVF       FARG_start_timer_MinVal, 0
0x01E3	0x1283      	BCF        STATUS, 5
0x01E4	0x026F      	SUBWF      _i, 0
0x01E5	0x1803      	BTFSC      STATUS, 0
0x01E6	0x2A54      	GOTO       L_start_timer2
;Digital Count DownTimer.c,58 :: 		temp1 = (MinVal-i)%10 ;
0x01E7	0x086F      	MOVF       _i, 0
0x01E8	0x1683      	BSF        STATUS, 5
0x01E9	0x0225      	SUBWF      FARG_start_timer_MinVal, 0
0x01EA	0x00A7      	MOVWF      FLOC__start_timer
0x01EB	0x01A8      	CLRF       FLOC__start_timer+1
0x01EC	0x1C03      	BTFSS      STATUS, 0
0x01ED	0x03A8      	DECF       FLOC__start_timer+1, 1
0x01EE	0x300A      	MOVLW      10
0x01EF	0x00F4      	MOVWF      R4
0x01F0	0x3000      	MOVLW      0
0x01F1	0x00F5      	MOVWF      R4+1
0x01F2	0x0827      	MOVF       FLOC__start_timer, 0
0x01F3	0x00F0      	MOVWF      R0
0x01F4	0x0828      	MOVF       FLOC__start_timer+1, 0
0x01F5	0x00F1      	MOVWF      R0+1
0x01F6	0x210A      	CALL       _Div_16x16_S
0x01F7	0x0878      	MOVF       R8, 0
0x01F8	0x00F0      	MOVWF      R0
0x01F9	0x0879      	MOVF       R8+1, 0
0x01FA	0x00F1      	MOVWF      R0+1
0x01FB	0x0870      	MOVF       R0, 0
0x01FC	0x1683      	BSF        STATUS, 5
0x01FD	0x00A6      	MOVWF      start_timer_temp1_L0
;Digital Count DownTimer.c,59 :: 		temp2 = (MinVal-i)/10 ;
0x01FE	0x300A      	MOVLW      10
0x01FF	0x00F4      	MOVWF      R4
0x0200	0x3000      	MOVLW      0
0x0201	0x00F5      	MOVWF      R4+1
0x0202	0x0827      	MOVF       FLOC__start_timer, 0
0x0203	0x00F0      	MOVWF      R0
0x0204	0x0828      	MOVF       FLOC__start_timer+1, 0
0x0205	0x00F1      	MOVWF      R0+1
0x0206	0x210A      	CALL       _Div_16x16_S
;Digital Count DownTimer.c,60 :: 		Lcd_Chr(2, 12, temp2+48);
0x0207	0x3002      	MOVLW      2
0x0208	0x1683      	BSF        STATUS, 5
0x0209	0x00A9      	MOVWF      FARG_Lcd_Chr_row
0x020A	0x300C      	MOVLW      12
0x020B	0x00AA      	MOVWF      FARG_Lcd_Chr_column
0x020C	0x3030      	MOVLW      48
0x020D	0x0770      	ADDWF      R0, 0
0x020E	0x00AB      	MOVWF      FARG_Lcd_Chr_out_char
0x020F	0x2173      	CALL       _Lcd_Chr
;Digital Count DownTimer.c,61 :: 		Lcd_Chr(2, 13, temp1+48);
0x0210	0x3002      	MOVLW      2
0x0211	0x00A9      	MOVWF      FARG_Lcd_Chr_row
0x0212	0x300D      	MOVLW      13
0x0213	0x00AA      	MOVWF      FARG_Lcd_Chr_column
0x0214	0x3030      	MOVLW      48
0x0215	0x0726      	ADDWF      start_timer_temp1_L0, 0
0x0216	0x00AB      	MOVWF      FARG_Lcd_Chr_out_char
0x0217	0x2173      	CALL       _Lcd_Chr
;Digital Count DownTimer.c,62 :: 		j=1;
0x0218	0x3001      	MOVLW      1
0x0219	0x00A1      	MOVWF      _j
;Digital Count DownTimer.c,63 :: 		do {
L_start_timer4:
;Digital Count DownTimer.c,64 :: 		Delay_ms(1000);
0x021A	0x3006      	MOVLW      6
0x021B	0x00FB      	MOVWF      R11
0x021C	0x3013      	MOVLW      19
0x021D	0x00FC      	MOVWF      R12
0x021E	0x30AD      	MOVLW      173
0x021F	0x00FD      	MOVWF      R13
L_start_timer7:
0x0220	0x1683      	BSF        STATUS, 5
0x0221	0x0BFD      	DECFSZ     R13, 1
0x0222	0x2A20      	GOTO       L_start_timer7
0x0223	0x0BFC      	DECFSZ     R12, 1
0x0224	0x2A20      	GOTO       L_start_timer7
0x0225	0x0BFB      	DECFSZ     R11, 1
0x0226	0x2A20      	GOTO       L_start_timer7
0x0227	0x0000      	NOP
0x0228	0x0000      	NOP
;Digital Count DownTimer.c,65 :: 		j++;
0x0229	0x0AA1      	INCF       _j, 1
;Digital Count DownTimer.c,66 :: 		} while(((j<=60) && (Clear ==0)));
0x022A	0x0821      	MOVF       _j, 0
0x022B	0x3C3C      	SUBLW      60
0x022C	0x1C03      	BTFSS      STATUS, 0
0x022D	0x2A34      	GOTO       L__start_timer23
0x022E	0x1283      	BCF        STATUS, 5
0x022F	0x086E      	MOVF       _clear, 0
0x0230	0x3A00      	XORLW      0
0x0231	0x1D03      	BTFSS      STATUS, 2
0x0232	0x2A34      	GOTO       L__start_timer23
0x0233	0x2A1A      	GOTO       L_start_timer4
L__start_timer23:
0x0234	0x1283      	BCF        STATUS, 5
;Digital Count DownTimer.c,67 :: 		if (Clear) {
0x0235	0x086E      	MOVF       _clear, 0
0x0236	0x1903      	BTFSC      STATUS, 2
0x0237	0x2A51      	GOTO       L_start_timer10
;Digital Count DownTimer.c,68 :: 		Relay = 1;
0x0238	0x1585      	BSF        RA3_bit, BitPos(RA3_bit+0)
;Digital Count DownTimer.c,69 :: 		Delay_ms(2000);
0x0239	0x300B      	MOVLW      11
0x023A	0x00FB      	MOVWF      R11
0x023B	0x3026      	MOVLW      38
0x023C	0x00FC      	MOVWF      R12
0x023D	0x305D      	MOVLW      93
0x023E	0x00FD      	MOVWF      R13
L_start_timer11:
0x023F	0x0BFD      	DECFSZ     R13, 1
0x0240	0x2A3F      	GOTO       L_start_timer11
0x0241	0x0BFC      	DECFSZ     R12, 1
0x0242	0x2A3F      	GOTO       L_start_timer11
0x0243	0x0BFB      	DECFSZ     R11, 1
0x0244	0x2A3F      	GOTO       L_start_timer11
0x0245	0x0000      	NOP
0x0246	0x0000      	NOP
;Digital Count DownTimer.c,70 :: 		Lcd_Out(1,1,Message2);               //Relay ON
0x0247	0x3001      	MOVLW      1
0x0248	0x1683      	BSF        STATUS, 5
0x0249	0x00A9      	MOVWF      FARG_Lcd_Out_row
0x024A	0x3001      	MOVLW      1
0x024B	0x00AA      	MOVWF      FARG_Lcd_Out_column
0x024C	0x303E      	MOVLW      _Message2
0x024D	0x00AB      	MOVWF      FARG_Lcd_Out_text
0x024E	0x20C2      	CALL       _Lcd_Out
;Digital Count DownTimer.c,71 :: 		INTCON = 0x00;
0x024F	0x018B      	CLRF       INTCON
;Digital Count DownTimer.c,72 :: 		goto stop;
0x0250	0x2A54      	GOTO       ___start_timer_stop
;Digital Count DownTimer.c,73 :: 		}
L_start_timer10:
;Digital Count DownTimer.c,57 :: 		for (i=0; i<MinVal; i++){
0x0251	0x1283      	BCF        STATUS, 5
0x0252	0x0AEF      	INCF       _i, 1
;Digital Count DownTimer.c,74 :: 		}
0x0253	0x29E1      	GOTO       L_start_timer1
L_start_timer2:
;Digital Count DownTimer.c,75 :: 		stop:
___start_timer_stop:
0x0254	0x1283      	BCF        STATUS, 5
;Digital Count DownTimer.c,76 :: 		Relay = 0;
0x0255	0x1185      	BCF        RA3_bit, BitPos(RA3_bit+0)
;Digital Count DownTimer.c,77 :: 		ON_OFF = 0;
0x0256	0x01C7      	CLRF       _ON_OFF
;Digital Count DownTimer.c,78 :: 		unit = 0;
0x0257	0x01A0      	CLRF       _unit
;Digital Count DownTimer.c,79 :: 		ten = 0;
0x0258	0x01A2      	CLRF       _ten
;Digital Count DownTimer.c,80 :: 		clear = 1;
0x0259	0x3001      	MOVLW      1
0x025A	0x00EE      	MOVWF      _clear
;Digital Count DownTimer.c,81 :: 		}
L_end_start_timer:
0x025B	0x0008      	RETURN
; end of _start_timer
_Delay_300:
;Digital Count DownTimer.c,38 :: 		void Delay_300(){
;Digital Count DownTimer.c,39 :: 		Delay_ms(300);
0x025C	0x3002      	MOVLW      2
0x025D	0x1283      	BCF        STATUS, 5
0x025E	0x1303      	BCF        STATUS, 6
0x025F	0x00FB      	MOVWF      R11
0x0260	0x3086      	MOVLW      134
0x0261	0x00FC      	MOVWF      R12
0x0262	0x3099      	MOVLW      153
0x0263	0x00FD      	MOVWF      R13
L_Delay_3000:
0x0264	0x0BFD      	DECFSZ     R13, 1
0x0265	0x2A64      	GOTO       L_Delay_3000
0x0266	0x0BFC      	DECFSZ     R12, 1
0x0267	0x2A64      	GOTO       L_Delay_3000
0x0268	0x0BFB      	DECFSZ     R11, 1
0x0269	0x2A64      	GOTO       L_Delay_3000
;Digital Count DownTimer.c,40 :: 		}
L_end_Delay_300:
0x026A	0x0008      	RETURN
; end of _Delay_300
_Lcd_Init:
;__Lib_Lcd.c,84 :: 		
;__Lib_Lcd.c,86 :: 		
0x026B	0x1683      	BSF        STATUS, 5
0x026C	0x1303      	BCF        STATUS, 6
0x026D	0x1085      	BCF        LCD_EN_Direction, BitPos(LCD_EN_Direction+0)
;__Lib_Lcd.c,87 :: 		
0x026E	0x1005      	BCF        LCD_RS_Direction, BitPos(LCD_RS_Direction+0)
;__Lib_Lcd.c,88 :: 		
0x026F	0x1206      	BCF        LCD_D4_Direction, BitPos(LCD_D4_Direction+0)
;__Lib_Lcd.c,89 :: 		
0x0270	0x1286      	BCF        LCD_D5_Direction, BitPos(LCD_D5_Direction+0)
;__Lib_Lcd.c,90 :: 		
0x0271	0x1306      	BCF        LCD_D6_Direction, BitPos(LCD_D6_Direction+0)
;__Lib_Lcd.c,91 :: 		
0x0272	0x1386      	BCF        LCD_D7_Direction, BitPos(LCD_D7_Direction+0)
;__Lib_Lcd.c,93 :: 		
0x0273	0x1283      	BCF        STATUS, 5
0x0274	0x1085      	BCF        LCD_EN, BitPos(LCD_EN+0)
;__Lib_Lcd.c,94 :: 		
0x0275	0x1005      	BCF        LCD_RS, BitPos(LCD_RS+0)
;__Lib_Lcd.c,95 :: 		
0x0276	0x1386      	BCF        LCD_D7, BitPos(LCD_D7+0)
;__Lib_Lcd.c,96 :: 		
0x0277	0x1306      	BCF        LCD_D6, BitPos(LCD_D6+0)
;__Lib_Lcd.c,97 :: 		
0x0278	0x1286      	BCF        LCD_D5, BitPos(LCD_D5+0)
;__Lib_Lcd.c,98 :: 		
0x0279	0x1206      	BCF        LCD_D4, BitPos(LCD_D4+0)
;__Lib_Lcd.c,100 :: 		
0x027A	0x201C      	CALL       _Delay_5500us
;__Lib_Lcd.c,101 :: 		
0x027B	0x201C      	CALL       _Delay_5500us
;__Lib_Lcd.c,102 :: 		
0x027C	0x201C      	CALL       _Delay_5500us
;__Lib_Lcd.c,105 :: 		
0x027D	0x1686      	BSF        LCD_D5, BitPos(LCD_D5+0)
;__Lib_Lcd.c,106 :: 		
0x027E	0x1606      	BSF        LCD_D4, BitPos(LCD_D4+0)
;__Lib_Lcd.c,107 :: 		
0x027F	0x1485      	BSF        LCD_EN, BitPos(LCD_EN+0)
;__Lib_Lcd.c,108 :: 		
0x0280	0x201A      	CALL       _Delay_1us
;__Lib_Lcd.c,109 :: 		
0x0281	0x1085      	BCF        LCD_EN, BitPos(LCD_EN+0)
;__Lib_Lcd.c,110 :: 		
0x0282	0x201C      	CALL       _Delay_5500us
;__Lib_Lcd.c,112 :: 		
0x0283	0x1485      	BSF        LCD_EN, BitPos(LCD_EN+0)
;__Lib_Lcd.c,113 :: 		
0x0284	0x201A      	CALL       _Delay_1us
;__Lib_Lcd.c,114 :: 		
0x0285	0x1085      	BCF        LCD_EN, BitPos(LCD_EN+0)
;__Lib_Lcd.c,115 :: 		
0x0286	0x201C      	CALL       _Delay_5500us
;__Lib_Lcd.c,117 :: 		
0x0287	0x1485      	BSF        LCD_EN, BitPos(LCD_EN+0)
;__Lib_Lcd.c,118 :: 		
0x0288	0x201A      	CALL       _Delay_1us
;__Lib_Lcd.c,119 :: 		
0x0289	0x1085      	BCF        LCD_EN, BitPos(LCD_EN+0)
;__Lib_Lcd.c,120 :: 		
0x028A	0x201C      	CALL       _Delay_5500us
;__Lib_Lcd.c,123 :: 		
0x028B	0x1206      	BCF        LCD_D4, BitPos(LCD_D4+0)
;__Lib_Lcd.c,124 :: 		
0x028C	0x1485      	BSF        LCD_EN, BitPos(LCD_EN+0)
;__Lib_Lcd.c,125 :: 		
0x028D	0x201A      	CALL       _Delay_1us
;__Lib_Lcd.c,126 :: 		
0x028E	0x1085      	BCF        LCD_EN, BitPos(LCD_EN+0)
;__Lib_Lcd.c,127 :: 		
0x028F	0x201C      	CALL       _Delay_5500us
;__Lib_Lcd.c,130 :: 		
0x0290	0x1485      	BSF        LCD_EN, BitPos(LCD_EN+0)
;__Lib_Lcd.c,131 :: 		
0x0291	0x201A      	CALL       _Delay_1us
;__Lib_Lcd.c,132 :: 		
0x0292	0x1085      	BCF        LCD_EN, BitPos(LCD_EN+0)
;__Lib_Lcd.c,134 :: 		
0x0293	0x1286      	BCF        LCD_D5, BitPos(LCD_D5+0)
;__Lib_Lcd.c,135 :: 		
0x0294	0x1786      	BSF        LCD_D7, BitPos(LCD_D7+0)
;__Lib_Lcd.c,136 :: 		
0x0295	0x1485      	BSF        LCD_EN, BitPos(LCD_EN+0)
;__Lib_Lcd.c,137 :: 		
0x0296	0x201A      	CALL       _Delay_1us
;__Lib_Lcd.c,138 :: 		
0x0297	0x1085      	BCF        LCD_EN, BitPos(LCD_EN+0)
;__Lib_Lcd.c,139 :: 		
0x0298	0x201C      	CALL       _Delay_5500us
;__Lib_Lcd.c,142 :: 		
0x0299	0x1386      	BCF        LCD_D7, BitPos(LCD_D7+0)
;__Lib_Lcd.c,143 :: 		
0x029A	0x1606      	BSF        LCD_D4, BitPos(LCD_D4+0)
;__Lib_Lcd.c,144 :: 		
0x029B	0x1485      	BSF        LCD_EN, BitPos(LCD_EN+0)
;__Lib_Lcd.c,145 :: 		
0x029C	0x201A      	CALL       _Delay_1us
;__Lib_Lcd.c,146 :: 		
0x029D	0x1085      	BCF        LCD_EN, BitPos(LCD_EN+0)
;__Lib_Lcd.c,148 :: 		
0x029E	0x1206      	BCF        LCD_D4, BitPos(LCD_D4+0)
;__Lib_Lcd.c,149 :: 		
0x029F	0x1485      	BSF        LCD_EN, BitPos(LCD_EN+0)
;__Lib_Lcd.c,150 :: 		
0x02A0	0x201A      	CALL       _Delay_1us
;__Lib_Lcd.c,151 :: 		
0x02A1	0x1085      	BCF        LCD_EN, BitPos(LCD_EN+0)
;__Lib_Lcd.c,152 :: 		
0x02A2	0x201C      	CALL       _Delay_5500us
;__Lib_Lcd.c,155 :: 		
0x02A3	0x1485      	BSF        LCD_EN, BitPos(LCD_EN+0)
;__Lib_Lcd.c,156 :: 		
0x02A4	0x201A      	CALL       _Delay_1us
;__Lib_Lcd.c,157 :: 		
0x02A5	0x1085      	BCF        LCD_EN, BitPos(LCD_EN+0)
;__Lib_Lcd.c,159 :: 		
0x02A6	0x1606      	BSF        LCD_D4, BitPos(LCD_D4+0)
;__Lib_Lcd.c,160 :: 		
0x02A7	0x1485      	BSF        LCD_EN, BitPos(LCD_EN+0)
;__Lib_Lcd.c,161 :: 		
0x02A8	0x201A      	CALL       _Delay_1us
;__Lib_Lcd.c,162 :: 		
0x02A9	0x1085      	BCF        LCD_EN, BitPos(LCD_EN+0)
;__Lib_Lcd.c,163 :: 		
0x02AA	0x201C      	CALL       _Delay_5500us
;__Lib_Lcd.c,166 :: 		
0x02AB	0x1206      	BCF        LCD_D4, BitPos(LCD_D4+0)
;__Lib_Lcd.c,167 :: 		
0x02AC	0x1485      	BSF        LCD_EN, BitPos(LCD_EN+0)
;__Lib_Lcd.c,168 :: 		
0x02AD	0x201A      	CALL       _Delay_1us
;__Lib_Lcd.c,169 :: 		
0x02AE	0x1085      	BCF        LCD_EN, BitPos(LCD_EN+0)
;__Lib_Lcd.c,171 :: 		
0x02AF	0x1786      	BSF        LCD_D7, BitPos(LCD_D7+0)
;__Lib_Lcd.c,172 :: 		
0x02B0	0x1706      	BSF        LCD_D6, BitPos(LCD_D6+0)
;__Lib_Lcd.c,173 :: 		
0x02B1	0x1686      	BSF        LCD_D5, BitPos(LCD_D5+0)
;__Lib_Lcd.c,174 :: 		
0x02B2	0x1606      	BSF        LCD_D4, BitPos(LCD_D4+0)
;__Lib_Lcd.c,175 :: 		
0x02B3	0x1485      	BSF        LCD_EN, BitPos(LCD_EN+0)
;__Lib_Lcd.c,176 :: 		
0x02B4	0x201A      	CALL       _Delay_1us
;__Lib_Lcd.c,177 :: 		
0x02B5	0x1085      	BCF        LCD_EN, BitPos(LCD_EN+0)
;__Lib_Lcd.c,179 :: 		
0x02B6	0x201C      	CALL       _Delay_5500us
;__Lib_Lcd.c,181 :: 		
0x02B7	0x1683      	BSF        STATUS, 5
0x02B8	0x1420      	BSF        __Lib_Lcd_cmd_status, BitPos(__Lib_Lcd_cmd_status+0)
;__Lib_Lcd.c,182 :: 		
L_end_Lcd_Init:
0x02B9	0x0008      	RETURN
; end of _Lcd_Init
___CC2DW:
;__Lib_System.c,134 :: 		
;__Lib_System.c,137 :: 		
_CC2D_Loop1:
;__Lib_System.c,139 :: 		
0x02BA	0x2103      	CALL       _____DoICP
0x02BB	0x118A      	BCF        PCLATH, 3
0x02BC	0x120A      	BCF        PCLATH, 4
;__Lib_System.c,141 :: 		
0x02BD	0x0080      	MOVWF      INDF
;__Lib_System.c,142 :: 		
0x02BE	0x0A84      	INCF       FSR, 1
;__Lib_System.c,143 :: 		
0x02BF	0x0AEC      	INCF       ___DoICPAddr, 1
;__Lib_System.c,145 :: 		
0x02C0	0x1903      	BTFSC      STATUS, 2
;__Lib_System.c,146 :: 		
0x02C1	0x0AED      	INCF       ___DoICPAddr+1, 1
;__Lib_System.c,147 :: 		
0x02C2	0x03F0      	DECF       R0, 1
;__Lib_System.c,149 :: 		
0x02C3	0x1D03      	BTFSS      STATUS, 2
;__Lib_System.c,150 :: 		
0x02C4	0x2ABA      	GOTO       _CC2D_Loop1
;__Lib_System.c,152 :: 		
L_end___CC2DW:
0x02C5	0x0008      	RETURN
; end of ___CC2DW
_Display_Digits:
;Digital Count DownTimer.c,42 :: 		void Display_Digits(){
;Digital Count DownTimer.c,43 :: 		digit[1]=unit+48;
0x02C6	0x1283      	BCF        STATUS, 5
0x02C7	0x1303      	BCF        STATUS, 6
0x02C8	0x0A21      	INCF       _digit, 0
0x02C9	0x0084      	MOVWF      FSR
0x02CA	0x3030      	MOVLW      48
0x02CB	0x0720      	ADDWF      _unit, 0
0x02CC	0x00F0      	MOVWF      R0
0x02CD	0x0870      	MOVF       R0, 0
0x02CE	0x0080      	MOVWF      INDF
;Digital Count DownTimer.c,44 :: 		digit[0]=ten+48;
0x02CF	0x3030      	MOVLW      48
0x02D0	0x0722      	ADDWF      _ten, 0
0x02D1	0x00F0      	MOVWF      R0
0x02D2	0x0821      	MOVF       _digit, 0
0x02D3	0x0084      	MOVWF      FSR
0x02D4	0x0870      	MOVF       R0, 0
0x02D5	0x0080      	MOVWF      INDF
;Digital Count DownTimer.c,45 :: 		Lcd_Out(2,11,digit);
0x02D6	0x3002      	MOVLW      2
0x02D7	0x1683      	BSF        STATUS, 5
0x02D8	0x00A9      	MOVWF      FARG_Lcd_Out_row
0x02D9	0x300B      	MOVLW      11
0x02DA	0x00AA      	MOVWF      FARG_Lcd_Out_column
0x02DB	0x1283      	BCF        STATUS, 5
0x02DC	0x0821      	MOVF       _digit, 0
0x02DD	0x1683      	BSF        STATUS, 5
0x02DE	0x00AB      	MOVWF      FARG_Lcd_Out_text
0x02DF	0x20C2      	CALL       _Lcd_Out
;Digital Count DownTimer.c,46 :: 		}
L_end_Display_Digits:
0x02E0	0x0008      	RETURN
; end of _Display_Digits
_main:
0x02E1	0x238C      	CALL       908
;Digital Count DownTimer.c,91 :: 		void main() {
;Digital Count DownTimer.c,92 :: 		CMCON  |= 7;                       // Disable Comparators
0x02E2	0x3007      	MOVLW      7
0x02E3	0x1283      	BCF        STATUS, 5
0x02E4	0x1303      	BCF        STATUS, 6
0x02E5	0x049F      	IORWF      CMCON, 1
;Digital Count DownTimer.c,93 :: 		TRISB = 0b00001111;
0x02E6	0x300F      	MOVLW      15
0x02E7	0x1683      	BSF        STATUS, 5
0x02E8	0x0086      	MOVWF      TRISB
;Digital Count DownTimer.c,94 :: 		TRISA = 0b11110000;
0x02E9	0x30F0      	MOVLW      240
0x02EA	0x0085      	MOVWF      TRISA
;Digital Count DownTimer.c,95 :: 		Relay = 0;
0x02EB	0x1283      	BCF        STATUS, 5
0x02EC	0x1185      	BCF        RA3_bit, BitPos(RA3_bit+0)
;Digital Count DownTimer.c,97 :: 		Lcd_Init();                        // Initialize LCD
0x02ED	0x226B      	CALL       _Lcd_Init
;Digital Count DownTimer.c,98 :: 		start:
___main_start:
;Digital Count DownTimer.c,99 :: 		clear = 0;
0x02EE	0x1283      	BCF        STATUS, 5
0x02EF	0x01EE      	CLRF       _clear
;Digital Count DownTimer.c,100 :: 		Lcd_Cmd(_LCD_CLEAR);               // Clear display
0x02F0	0x3001      	MOVLW      1
0x02F1	0x1683      	BSF        STATUS, 5
0x02F2	0x00AE      	MOVWF      FARG_Lcd_Cmd_out_char
0x02F3	0x202F      	CALL       _Lcd_Cmd
;Digital Count DownTimer.c,101 :: 		Lcd_Cmd(_LCD_CURSOR_OFF);          // Cursor off
0x02F4	0x300C      	MOVLW      12
0x02F5	0x1683      	BSF        STATUS, 5
0x02F6	0x00AE      	MOVWF      FARG_Lcd_Cmd_out_char
0x02F7	0x202F      	CALL       _Lcd_Cmd
;Digital Count DownTimer.c,102 :: 		Lcd_Out(1,1,Message1);
0x02F8	0x3001      	MOVLW      1
0x02F9	0x1683      	BSF        STATUS, 5
0x02FA	0x00A9      	MOVWF      FARG_Lcd_Out_row
0x02FB	0x3001      	MOVLW      1
0x02FC	0x00AA      	MOVWF      FARG_Lcd_Out_column
0x02FD	0x3059      	MOVLW      _Message1
0x02FE	0x00AB      	MOVWF      FARG_Lcd_Out_text
0x02FF	0x20C2      	CALL       _Lcd_Out
;Digital Count DownTimer.c,103 :: 		Lcd_Out(2,1,Message4);
0x0300	0x3002      	MOVLW      2
0x0301	0x00A9      	MOVWF      FARG_Lcd_Out_row
0x0302	0x3001      	MOVLW      1
0x0303	0x00AA      	MOVWF      FARG_Lcd_Out_column
0x0304	0x3048      	MOVLW      _Message4
0x0305	0x00AB      	MOVWF      FARG_Lcd_Out_text
0x0306	0x20C2      	CALL       _Lcd_Out
;Digital Count DownTimer.c,104 :: 		Display_Digits()  ;
0x0307	0x22C6      	CALL       _Display_Digits
;Digital Count DownTimer.c,105 :: 		do {
L_main13:
;Digital Count DownTimer.c,107 :: 		if(!Unit_Button){
0x0308	0x1283      	BCF        STATUS, 5
0x0309	0x1886      	BTFSC      RB1_bit, BitPos(RB1_bit+0)
0x030A	0x2B13      	GOTO       L_main16
;Digital Count DownTimer.c,108 :: 		Delay_300();
0x030B	0x225C      	CALL       _Delay_300
;Digital Count DownTimer.c,109 :: 		unit ++;
0x030C	0x0AA0      	INCF       _unit, 1
;Digital Count DownTimer.c,110 :: 		if(unit==10) unit=0;
0x030D	0x0820      	MOVF       _unit, 0
0x030E	0x3A0A      	XORLW      10
0x030F	0x1D03      	BTFSS      STATUS, 2
0x0310	0x2B12      	GOTO       L_main17
0x0311	0x01A0      	CLRF       _unit
L_main17:
;Digital Count DownTimer.c,111 :: 		Display_Digits();
0x0312	0x22C6      	CALL       _Display_Digits
;Digital Count DownTimer.c,112 :: 		} // If !Unit_Button
L_main16:
;Digital Count DownTimer.c,114 :: 		if(!Ten_Button){
0x0313	0x1283      	BCF        STATUS, 5
0x0314	0x1906      	BTFSC      RB2_bit, BitPos(RB2_bit+0)
0x0315	0x2B1E      	GOTO       L_main18
;Digital Count DownTimer.c,115 :: 		Delay_300();
0x0316	0x225C      	CALL       _Delay_300
;Digital Count DownTimer.c,116 :: 		ten ++;
0x0317	0x0AA2      	INCF       _ten, 1
;Digital Count DownTimer.c,117 :: 		if(ten==10) ten=0;
0x0318	0x0822      	MOVF       _ten, 0
0x0319	0x3A0A      	XORLW      10
0x031A	0x1D03      	BTFSS      STATUS, 2
0x031B	0x2B1D      	GOTO       L_main19
0x031C	0x01A2      	CLRF       _ten
L_main19:
;Digital Count DownTimer.c,118 :: 		Display_Digits();
0x031D	0x22C6      	CALL       _Display_Digits
;Digital Count DownTimer.c,119 :: 		} // If !Ten_Button
L_main18:
;Digital Count DownTimer.c,121 :: 		if(!SS_Select){
0x031E	0x1283      	BCF        STATUS, 5
0x031F	0x1806      	BTFSC      RB0_bit, BitPos(RB0_bit+0)
0x0320	0x2B34      	GOTO       L_main20
;Digital Count DownTimer.c,122 :: 		Delay_300();
0x0321	0x225C      	CALL       _Delay_300
;Digital Count DownTimer.c,123 :: 		time = ten*10+unit ;
0x0322	0x0822      	MOVF       _ten, 0
0x0323	0x00F0      	MOVWF      R0
0x0324	0x300A      	MOVLW      10
0x0325	0x00F4      	MOVWF      R4
0x0326	0x21AA      	CALL       _Mul_8X8_U
0x0327	0x0820      	MOVF       _unit, 0
0x0328	0x0770      	ADDWF      R0, 0
0x0329	0x00F1      	MOVWF      R1
0x032A	0x0871      	MOVF       R1, 0
0x032B	0x1683      	BSF        STATUS, 5
0x032C	0x00A2      	MOVWF      _time
;Digital Count DownTimer.c,124 :: 		if(time > 0) start_timer(time);
0x032D	0x0871      	MOVF       R1, 0
0x032E	0x3C00      	SUBLW      0
0x032F	0x1803      	BTFSC      STATUS, 0
0x0330	0x2B34      	GOTO       L_main21
0x0331	0x0822      	MOVF       _time, 0
0x0332	0x00A5      	MOVWF      FARG_start_timer_MinVal
0x0333	0x21C3      	CALL       _start_timer
L_main21:
;Digital Count DownTimer.c,125 :: 		} // If !SS_Select
L_main20:
0x0334	0x1283      	BCF        STATUS, 5
;Digital Count DownTimer.c,127 :: 		if(clear){
0x0335	0x086E      	MOVF       _clear, 0
0x0336	0x1903      	BTFSC      STATUS, 2
0x0337	0x2B39      	GOTO       L_main22
;Digital Count DownTimer.c,128 :: 		goto start;
0x0338	0x2AEE      	GOTO       ___main_start
;Digital Count DownTimer.c,129 :: 		}
L_main22:
;Digital Count DownTimer.c,130 :: 		} while(1);
0x0339	0x2B08      	GOTO       L_main13
;Digital Count DownTimer.c,131 :: 		}
L_end_main:
0x033A	0x2B3A      	GOTO       $+0
; end of _main
0x038C	0x3020      	MOVLW      32
0x038D	0x0084      	MOVWF      FSR
0x038E	0x304C      	MOVLW      76
0x038F	0x1283      	BCF        STATUS, 5
0x0390	0x1303      	BCF        STATUS, 6
0x0391	0x00F0      	MOVWF      R0
0x0392	0x3040      	MOVLW      64
0x0393	0x00EC      	MOVWF      ___DoICPAddr
0x0394	0x3003      	MOVLW      3
0x0395	0x00ED      	MOVWF      109
0x0396	0x22BA      	CALL       698
0x0397	0x0008      	RETURN
;Digital Count DownTimer.c,0 :: ?ICS_unit
0x0340	0x3400 ;?ICS_unit+0
; end of ?ICS_unit
;Digital Count DownTimer.c,0 :: ?ICS_digit
0x0341	0x3469 ;?ICS_digit+0
; end of ?ICS_digit
;Digital Count DownTimer.c,0 :: ?ICS_ten
0x0342	0x3400 ;?ICS_ten+0
; end of ?ICS_ten
;Digital Count DownTimer.c,0 :: ?ICS_Message5
0x0343	0x3454 ;?ICS_Message5+0
0x0344	0x3469 ;?ICS_Message5+1
0x0345	0x346D ;?ICS_Message5+2
0x0346	0x3465 ;?ICS_Message5+3
0x0347	0x3420 ;?ICS_Message5+4
0x0348	0x344C ;?ICS_Message5+5
0x0349	0x3465 ;?ICS_Message5+6
0x034A	0x3466 ;?ICS_Message5+7
0x034B	0x3474 ;?ICS_Message5+8
0x034C	0x343A ;?ICS_Message5+9
0x034D	0x3420 ;?ICS_Message5+10
0x034E	0x3420 ;?ICS_Message5+11
0x034F	0x3420 ;?ICS_Message5+12
0x0350	0x346D ;?ICS_Message5+13
0x0351	0x3469 ;?ICS_Message5+14
0x0352	0x346E ;?ICS_Message5+15
0x0353	0x3400 ;?ICS_Message5+16
; end of ?ICS_Message5
;Digital Count DownTimer.c,0 :: ?ICS_Message3
0x0354	0x3452 ;?ICS_Message3+0
0x0355	0x3445 ;?ICS_Message3+1
0x0356	0x344C ;?ICS_Message3+2
0x0357	0x3441 ;?ICS_Message3+3
0x0358	0x3459 ;?ICS_Message3+4
0x0359	0x3420 ;?ICS_Message3+5
0x035A	0x344F ;?ICS_Message3+6
0x035B	0x3446 ;?ICS_Message3+7
0x035C	0x3446 ;?ICS_Message3+8
0x035D	0x3400 ;?ICS_Message3+9
; end of ?ICS_Message3
;Digital Count DownTimer.c,0 :: ?ICS_Message2
0x035E	0x3452 ;?ICS_Message2+0
0x035F	0x3445 ;?ICS_Message2+1
0x0360	0x344C ;?ICS_Message2+2
0x0361	0x3441 ;?ICS_Message2+3
0x0362	0x3459 ;?ICS_Message2+4
0x0363	0x3420 ;?ICS_Message2+5
0x0364	0x344F ;?ICS_Message2+6
0x0365	0x344E ;?ICS_Message2+7
0x0366	0x3400 ;?ICS_Message2+8
; end of ?ICS_Message2
;Digital Count DownTimer.c,0 :: ?ICS_ON_OFF
0x0367	0x3400 ;?ICS_ON_OFF+0
; end of ?ICS_ON_OFF
;Digital Count DownTimer.c,0 :: ?ICS_Message4
0x0368	0x3453 ;?ICS_Message4+0
0x0369	0x3465 ;?ICS_Message4+1
0x036A	0x3474 ;?ICS_Message4+2
0x036B	0x3420 ;?ICS_Message4+3
0x036C	0x3454 ;?ICS_Message4+4
0x036D	0x3469 ;?ICS_Message4+5
0x036E	0x346D ;?ICS_Message4+6
0x036F	0x3465 ;?ICS_Message4+7
0x0370	0x343A ;?ICS_Message4+8
0x0371	0x3420 ;?ICS_Message4+9
0x0372	0x3420 ;?ICS_Message4+10
0x0373	0x3420 ;?ICS_Message4+11
0x0374	0x3420 ;?ICS_Message4+12
0x0375	0x346D ;?ICS_Message4+13
0x0376	0x3469 ;?ICS_Message4+14
0x0377	0x346E ;?ICS_Message4+15
0x0378	0x3400 ;?ICS_Message4+16
; end of ?ICS_Message4
;Digital Count DownTimer.c,0 :: ?ICS_Message1
0x0379	0x3430 ;?ICS_Message1+0
0x037A	0x3430 ;?ICS_Message1+1
0x037B	0x342D ;?ICS_Message1+2
0x037C	0x3439 ;?ICS_Message1+3
0x037D	0x3439 ;?ICS_Message1+4
0x037E	0x3420 ;?ICS_Message1+5
0x037F	0x346D ;?ICS_Message1+6
0x0380	0x3469 ;?ICS_Message1+7
0x0381	0x346E ;?ICS_Message1+8
0x0382	0x3420 ;?ICS_Message1+9
0x0383	0x3454 ;?ICS_Message1+10
0x0384	0x3469 ;?ICS_Message1+11
0x0385	0x346D ;?ICS_Message1+12
0x0386	0x3465 ;?ICS_Message1+13
0x0387	0x3472 ;?ICS_Message1+14
0x0388	0x3400 ;?ICS_Message1+15
; end of ?ICS_Message1
;Digital Count DownTimer.c,0 :: ?ICS?lstr1_Digital_32Count_32DownTimer
0x0389	0x3430 ;?ICS?lstr1_Digital_32Count_32DownTimer+0
0x038A	0x3430 ;?ICS?lstr1_Digital_32Count_32DownTimer+1
0x038B	0x3400 ;?ICS?lstr1_Digital_32Count_32DownTimer+2
; end of ?ICS?lstr1_Digital_32Count_32DownTimer
Symbol List:
//** Routines locations **
//ADDRESS    SIZE    PROCEDURE
//----------------------------------------------
0x0004      [22]    _interrupt
0x001A       [2]    _Delay_1us
0x001C      [11]    _Delay_5500us
0x0027       [8]    _Delay_50us
0x002F      [94]    _Lcd_Cmd
0x008D       [9]    _Lcd_Chr_CP
0x0096      [44]    _Div_16x16_S_L
0x00C2      [65]    _Lcd_Out
0x0103       [7]    _____DoICP
0x010A     [105]    _Div_16x16_S
0x0173      [55]    _Lcd_Chr
0x01AA      [25]    _Mul_8X8_U
0x01C3     [153]    _start_timer
0x025C      [15]    _Delay_300
0x026B      [79]    _Lcd_Init
0x02BA      [12]    ___CC2DW
0x02C6      [27]    _Display_Digits
0x02E1      [89]    _main
//** Variables locations ** 
//ADDRESS    SIZE    VARIABLE
//----------------------------------------------
0x0000       [1]    INDF
0x0002       [1]    PCL
0x0003       [1]    STATUS
0x0004       [1]    FSR
0x0005       [0]    RA0_bit
0x0005       [0]    RA1_bit
0x0005       [0]    RA3_bit
0x0005       [0]    LCD_EN
0x0005       [0]    LCD_RS
0x0005       [0]    Relay
0x0006       [0]    RB1_bit
0x0006       [0]    LCD_D6
0x0006       [0]    LCD_D7
0x0006       [0]    RB5_bit
0x0006       [0]    LCD_D5
0x0006       [0]    LCD_D4
0x0006       [0]    RB2_bit
0x0006       [0]    SS_Select
0x0006       [0]    RB7_bit
0x0006       [0]    RB4_bit
0x0006       [0]    Unit_Button
0x0006       [0]    RB6_bit
0x0006       [0]    RB0_bit
0x0006       [0]    Ten_Button
0x000A       [1]    PCLATH
0x000B       [1]    INTCON
0x001F       [1]    CMCON
0x0020       [1]    _unit
0x0021       [1]    _digit
0x0022       [1]    _ten
0x0023      [17]    _Message5
0x0034      [10]    _Message3
0x003E       [9]    _Message2
0x0047       [1]    _ON_OFF
0x0048      [17]    _Message4
0x0059      [16]    _Message1
0x0069       [3]    ?lstr1_Digital_32Count_32DownTimer
0x006C       [2]    ___DoICPAddr
0x006E       [1]    _clear
0x006F       [1]    _i
0x0070       [1]    R0
0x0071       [1]    R1
0x0072       [1]    R2
0x0073       [1]    R3
0x0074       [1]    R4
0x0075       [1]    R5
0x0076       [1]    R6
0x0077       [1]    R7
0x0078       [1]    R8
0x0079       [1]    R9
0x007A       [1]    R10
0x007B       [1]    R11
0x007C       [1]    R12
0x007D       [1]    R13
0x007E       [1]    R14
0x007F       [1]    R15
0x0081       [1]    OPTION_REG
0x0085       [0]    LCD_RS_Direction
0x0085       [0]    TRISA0_bit
0x0085       [0]    TRISA1_bit
0x0085       [0]    LCD_EN_Direction
0x0085       [1]    TRISA
0x0086       [0]    TRISB6_bit
0x0086       [0]    TRISB7_bit
0x0086       [0]    TRISB4_bit
0x0086       [0]    TRISB5_bit
0x0086       [0]    LCD_D7_Direction
0x0086       [1]    TRISB
0x0086       [0]    LCD_D6_Direction
0x0086       [0]    LCD_D4_Direction
0x0086       [0]    LCD_D5_Direction
0x00A0       [0]    __Lib_Lcd_cmd_status
0x00A1       [1]    _j
0x00A2       [1]    _time
0x00A3       [1]    ___saveSTATUS
0x00A4       [1]    ___savePCLATH
0x00A5       [1]    FARG_start_timer_MinVal
0x00A6       [1]    start_timer_temp1_L0
0x00A7       [2]    FLOC__start_timer
0x00A9       [1]    FARG_Lcd_Out_row
0x00A9       [1]    FARG_Lcd_Chr_row
0x00AA       [1]    FARG_Lcd_Out_column
0x00AA       [1]    FARG_Lcd_Chr_column
0x00AB       [1]    FARG_Lcd_Chr_out_char
0x00AB       [1]    FARG_Lcd_Out_text
0x00AC       [1]    Lcd_Out_i_L0
0x00AD       [1]    FARG_Lcd_Chr_CP_out_char
0x00AE       [1]    FARG_Lcd_Cmd_out_char
//** Constants locations ** 
//ADDRESS    SIZE    CONSTANT
//----------------------------------------------
0x0340       [1]    ?ICS_unit
0x0341       [1]    ?ICS_digit
0x0342       [1]    ?ICS_ten
0x0343      [17]    ?ICS_Message5
0x0354      [10]    ?ICS_Message3
0x035E       [9]    ?ICS_Message2
0x0367       [1]    ?ICS_ON_OFF
0x0368      [17]    ?ICS_Message4
0x0379      [16]    ?ICS_Message1
0x0389       [3]    ?ICS?lstr1_Digital_32Count_32DownTimer
